________________________________________________________________________
dim =  1  | i =  0  | counter =  1  | a =  0  | alpha =  0  | sample_idx 1
GS_occ:  [1. 0.]  | Up_occ:  [1. 0.]  | Down_occ:  [0. 0.]
nucs_array:  [['1' '1' '1']
 ['-3.198824952949975' '-1.1725911208414486' '-3.220188170087039']]
.........................................................................
Inverting (spin_indep)...
Inverting (up) ...
Energy                 :  -2.00012
E_xc_total (with E_kin):  -0.3687295363420663
E_xc_total (with evals):  -0.36872941849873825
E_xc_spin  (with E_kin):  -0.3687295363420663
E_xc_spin  (with evals):  -0.36872941849873825
.........................................................................
33.33 % completed (0:00:01) | 0.0 % failed
________________________________________________________________________
dim =  2.0  | i =  1  | counter =  2  | a =  0  | alpha =  1.0  | sample_idx 2
GS_occ:  [2. 0. 0.]  | Up_occ:  [1. 0. 0.]  | Down_occ:  [1. 0. 0.]
nucs_array:  [['1' '1' '1']
 ['-3.198824952949975' '-1.1725911208414486' '-3.220188170087039']]
.........................................................................
Inverting (spin_indep)...
Inverting (up) ...
Inverting (down) ...
Energy                 :  -3.29957
E_xc_total (with E_kin):  -0.7152468474227587
E_xc_total (with evals):  -0.7152543697290381
E_xc_spin  (with E_kin):  -0.7152355055234464
E_xc_spin  (with evals):  -0.7152542372884081
.........................................................................
66.67 % completed (0:04:15) | 0.0 % failed
________________________________________________________________________
dim =  3.0  | i =  2  | counter =  3  | a =  0  | alpha =  1.0  | sample_idx 3
GS_occ:  [2. 1. 0.]  | Up_occ:  [1. 1. 0.]  | Down_occ:  [1. 0. 0.]
nucs_array:  [['1' '1' '1']
 ['-3.198824952949975' '-1.1725911208414486' '-3.220188170087039']]
.........................................................................
Inverting (spin_indep)...
Inverting (up) ...
Inverting (down) ...
Energy                 :  -3.7351
E_xc_total (with E_kin):  -1.0776588223417014
E_xc_total (with evals):  -1.0776773861169562
E_xc_spin  (with E_kin):  -1.0812464564729276
E_xc_spin  (with evals):  -1.081279436515859
.........................................................................
100.0 % completed (0:10:30) | 0.0 % failed
_______________________________

Inversion finished!

0.0 % failures (see info_Errors). 

_______________________________

[1, 2.0, 3.0]
[-2.00012, -3.29957, -3.7351]
